  Puck.cpp
C:\Users\elmohandes\source\repos\air_hookey\air_hookey\Vector.h(3,13): warning C4081: expected 'newline'; found ';'
C:\Users\elmohandes\source\repos\air_hookey\air_hookey\Vector.h(63,21): warning C4244: '=': conversion from 'double' to 'float', possible loss of data
C:\Users\elmohandes\source\repos\air_hookey\air_hookey\Vector.h(64,21): warning C4244: '=': conversion from 'double' to 'float', possible loss of data
C:\Users\elmohandes\source\repos\air_hookey\air_hookey\Vector.h(72,56): warning C4244: 'argument': conversion from 'double' to 'float', possible loss of data
C:\Users\elmohandes\source\repos\air_hookey\air_hookey\Vector.h(72,29): warning C4244: 'argument': conversion from 'double' to 'float', possible loss of data
C:\Users\elmohandes\source\repos\air_hookey\air_hookey\Striker.h(56,33): warning C4244: '=': conversion from 'double' to 'float', possible loss of data
C:\Users\elmohandes\source\repos\air_hookey\air_hookey\Puck.h(68,12): warning C4244: 'initializing': conversion from 'double' to 'float', possible loss of data
C:\Users\elmohandes\source\repos\air_hookey\air_hookey\Puck.h(73,12): warning C4244: 'initializing': conversion from 'double' to 'float', possible loss of data
C:\Users\elmohandes\source\repos\air_hookey\air_hookey\Puck.h(129,37): warning C4244: '=': conversion from 'double' to 'float', possible loss of data
C:\Users\elmohandes\source\repos\air_hookey\air_hookey\Puck.h(131,37): warning C4244: '=': conversion from 'double' to 'float', possible loss of data
C:\Users\elmohandes\source\repos\air_hookey\air_hookey\Puck.h(135,48): warning C4244: '=': conversion from 'double' to 'float', possible loss of data
C:\Users\elmohandes\source\repos\air_hookey\air_hookey\Puck.h(136,48): warning C4244: '=': conversion from 'double' to 'float', possible loss of data
  Source.cpp
C:\Users\elmohandes\source\repos\air_hookey\air_hookey\Vector.h(3,13): warning C4081: expected 'newline'; found ';'
  Striker.cpp
C:\Users\elmohandes\source\repos\air_hookey\air_hookey\Vector.h(3,13): warning C4081: expected 'newline'; found ';'
C:\Users\elmohandes\source\repos\air_hookey\air_hookey\Vector.h(63,21): warning C4244: '=': conversion from 'double' to 'float', possible loss of data
C:\Users\elmohandes\source\repos\air_hookey\air_hookey\Vector.h(64,21): warning C4244: '=': conversion from 'double' to 'float', possible loss of data
C:\Users\elmohandes\source\repos\air_hookey\air_hookey\Vector.h(72,56): warning C4244: 'argument': conversion from 'double' to 'float', possible loss of data
C:\Users\elmohandes\source\repos\air_hookey\air_hookey\Vector.h(72,29): warning C4244: 'argument': conversion from 'double' to 'float', possible loss of data
C:\Users\elmohandes\source\repos\air_hookey\air_hookey\Striker.h(56,33): warning C4244: '=': conversion from 'double' to 'float', possible loss of data
  Vector.cpp
C:\Users\elmohandes\source\repos\air_hookey\air_hookey\Vector.h(3,13): warning C4081: expected 'newline'; found ';'
C:\Users\elmohandes\source\repos\air_hookey\air_hookey\Vector.h(63,21): warning C4244: '=': conversion from 'double' to 'float', possible loss of data
C:\Users\elmohandes\source\repos\air_hookey\air_hookey\Vector.h(64,21): warning C4244: '=': conversion from 'double' to 'float', possible loss of data
C:\Users\elmohandes\source\repos\air_hookey\air_hookey\Vector.h(72,56): warning C4244: 'argument': conversion from 'double' to 'float', possible loss of data
C:\Users\elmohandes\source\repos\air_hookey\air_hookey\Vector.h(72,29): warning C4244: 'argument': conversion from 'double' to 'float', possible loss of data
  Generating Code...
  air_hookey.vcxproj -> C:\Users\elmohandes\source\repos\air_hookey\Debug\air_hookey.exe
